<?xml version="1.0" encoding="UTF-8"?>
<!-- Generated by org.testng.reporters.JUnitReportReporter -->
<testsuite hostname="DESKTOP-8UOV5P4" failures="0" tests="2" name="BDD.Without_spec" time="2.541" errors="0" timestamp="2024-11-13T16:53:51 IST" skipped="0">
  <testcase classname="BDD.Without_spec" name="get" time="2.127"/>
  <system-out/>
  <testcase classname="BDD.Without_spec" name="post" time="0.414"/>
  <system-out/>
</testsuite> <!-- BDD.Without_spec -->
