<?xml version="1.0" encoding="UTF-8"?>
<!-- Generated by org.testng.reporters.JUnitReportReporter -->
<testsuite hostname="DESKTOP-8UOV5P4" failures="0" tests="1" name="BDD.Getrequest" time="1.817" errors="0" timestamp="2024-11-08T12:25:14 IST" skipped="0">
  <testcase classname="BDD.Getrequest" name="get" time="1.817"/>
  <system-out/>
</testsuite> <!-- BDD.Getrequest -->
