<?xml version="1.0" encoding="UTF-8"?>
<!-- Generated by org.testng.reporters.JUnitReportReporter -->
<testsuite hostname="DESKTOP-8UOV5P4" failures="0" tests="2" name="BDD.storingurl_using_requestspecification" time="4.531" errors="0" timestamp="2024-11-13T16:38:20 IST" skipped="0">
  <testcase classname="BDD.storingurl_using_requestspecification" name="get" time="3.658"/>
  <system-out/>
  <testcase classname="BDD.storingurl_using_requestspecification" name="post" time="0.873"/>
  <system-out/>
</testsuite> <!-- BDD.storingurl_using_requestspecification -->
