<?xml version="1.0" encoding="UTF-8"?>
<!-- Generated by org.testng.reporters.JUnitReportReporter -->
<testsuite hostname="DESKTOP-8UOV5P4" failures="0" tests="1" name="BDD.API_key" time="1.877" errors="0" timestamp="2024-11-13T17:57:27 IST" skipped="0">
  <testcase classname="BDD.API_key" name="apikey" time="1.877"/>
  <system-out/>
</testsuite> <!-- BDD.API_key -->
