<?xml version="1.0" encoding="UTF-8"?>
<!-- Generated by org.testng.reporters.JUnitReportReporter -->
<testsuite hostname="DESKTOP-8UOV5P4" failures="0" tests="1" name="Extra_concepts.Serialization" time="2.362" errors="0" timestamp="2024-11-12T18:11:07 IST" skipped="0">
  <testcase classname="Extra_concepts.Serialization" name="serialization" time="2.362"/>
  <system-out/>
</testsuite> <!-- Extra_concepts.Serialization -->
