<?xml version="1.0" encoding="UTF-8"?>
<!-- Generated by org.testng.reporters.JUnitReportReporter -->
<testsuite hostname="DESKTOP-8UOV5P4" failures="0" tests="1" name="BDD.bearer_token" time="2.252" errors="0" timestamp="2024-11-13T18:19:12 IST" skipped="0">
  <testcase classname="BDD.bearer_token" name="bearertoken" time="2.252"/>
  <system-out/>
</testsuite> <!-- BDD.bearer_token -->
