<?xml version="1.0" encoding="UTF-8"?>
<!-- Generated by org.testng.reporters.JUnitReportReporter -->
<testsuite hostname="DESKTOP-8UOV5P4" failures="0" tests="1" name="BDD.Oauth" time="2.362" errors="0" timestamp="2024-11-13T18:26:29 IST" skipped="0">
  <testcase classname="BDD.Oauth" name="oauth" time="2.362"/>
  <system-out/>
</testsuite> <!-- BDD.Oauth -->
