<?xml version="1.0" encoding="UTF-8"?>
<!-- Generated by org.testng.reporters.JUnitReportReporter -->
<testsuite hostname="DESKTOP-8UOV5P4" failures="0" tests="1" name="non_BDD.Postrequest" time="1.976" errors="0" timestamp="2024-11-08T12:33:25 IST" skipped="0">
  <testcase classname="non_BDD.Postrequest" name="Createrequest" time="1.976"/>
  <system-out/>
</testsuite> <!-- non_BDD.Postrequest -->
