<?xml version="1.0" encoding="UTF-8"?>
<!-- Generated by org.testng.reporters.JUnitReportReporter -->
<testsuite hostname="DESKTOP-8UOV5P4" failures="0" tests="1" name="BDD.Putrequest" time="2.067" errors="0" timestamp="2024-11-08T12:39:47 IST" skipped="0">
  <testcase classname="BDD.Putrequest" name="put" time="2.067"/>
  <system-out/>
</testsuite> <!-- BDD.Putrequest -->
