<?xml version="1.0" encoding="UTF-8"?>
<!-- Generated by org.testng.reporters.JUnitReportReporter -->
<testsuite hostname="DESKTOP-8UOV5P4" failures="0" tests="1" name="BDD.Postrequest" time="2.004" errors="0" timestamp="2024-11-08T12:34:30 IST" skipped="0">
  <testcase classname="BDD.Postrequest" name="post" time="2.004"/>
  <system-out/>
</testsuite> <!-- BDD.Postrequest -->
