<?xml version="1.0" encoding="UTF-8"?>
<!-- Generated by org.testng.reporters.JUnitReportReporter -->
<testsuite hostname="DESKTOP-8UOV5P4" failures="0" tests="1" name="Extra_concepts.validation_using_hamcrestmatcher" time="0.456" errors="0" timestamp="2024-11-11T17:29:23 IST" skipped="0">
  <testcase classname="Extra_concepts.validation_using_hamcrestmatcher" name="validation" time="0.456"/>
  <system-out/>
</testsuite> <!-- Extra_concepts.validation_using_hamcrestmatcher -->
