<?xml version="1.0" encoding="UTF-8"?>
<!-- Generated by org.testng.reporters.JUnitReportReporter -->
<testsuite hostname="DESKTOP-8UOV5P4" failures="0" tests="1" name="BDD.Basic_auth" time="3.464" errors="0" timestamp="2024-11-13T18:13:08 IST" skipped="0">
  <testcase classname="BDD.Basic_auth" name="basicauth" time="3.464"/>
  <system-out/>
</testsuite> <!-- BDD.Basic_auth -->
