<?xml version="1.0" encoding="UTF-8"?>
<!-- Generated by org.testng.reporters.JUnitReportReporter -->
<testsuite hostname="DESKTOP-8UOV5P4" failures="0" tests="1" name="non_BDD.Deleterequest" time="1.960" errors="0" timestamp="2024-11-08T10:34:28 IST" skipped="0">
  <testcase classname="non_BDD.Deleterequest" name="delete" time="1.960"/>
  <system-out/>
</testsuite> <!-- non_BDD.Deleterequest -->
