<?xml version="1.0" encoding="UTF-8"?>
<!-- Generated by org.testng.reporters.JUnitReportReporter -->
<testsuite hostname="DESKTOP-8UOV5P4" failures="0" tests="1" name="non_BDD.Getrequest" time="2.824" errors="0" timestamp="2024-11-08T10:32:21 IST" skipped="0">
  <testcase classname="non_BDD.Getrequest" name="getemployees" time="2.824"/>
  <system-out/>
</testsuite> <!-- non_BDD.Getrequest -->
