<?xml version="1.0" encoding="UTF-8"?>
<!-- Generated by org.testng.reporters.JUnitReportReporter -->
<testsuite hostname="DESKTOP-8UOV5P4" failures="0" tests="1" name="BDD.Deleterequest" time="1.942" errors="0" timestamp="2024-11-08T12:41:35 IST" skipped="0">
  <testcase classname="BDD.Deleterequest" name="delete" time="1.942"/>
  <system-out/>
</testsuite> <!-- BDD.Deleterequest -->
