<?xml version="1.0" encoding="UTF-8"?>
<!-- Generated by org.testng.reporters.JUnitReportReporter -->
<testsuite hostname="DESKTOP-8UOV5P4" failures="0" tests="1" name="non_BDD.specification_properties" time="2.209" errors="0" timestamp="2024-11-14T15:45:44 IST" skipped="0">
  <testcase classname="non_BDD.specification_properties" name="properties" time="2.209"/>
  <system-out/>
</testsuite> <!-- non_BDD.specification_properties -->
