<?xml version="1.0" encoding="UTF-8"?>
<!-- Generated by org.testng.reporters.JUnitReportReporter -->
<testsuite hostname="DESKTOP-8UOV5P4" failures="0" tests="1" name="non_BDD.Putrequest" time="2.025" errors="0" timestamp="2024-11-08T10:34:07 IST" skipped="0">
  <testcase classname="non_BDD.Putrequest" name="put" time="2.025"/>
  <system-out/>
</testsuite> <!-- non_BDD.Putrequest -->
