<?xml version="1.0" encoding="UTF-8"?>
<!-- Generated by org.testng.reporters.JUnitReportReporter -->
<testsuite hostname="DESKTOP-8UOV5P4" failures="0" tests="1" name="non_BDD.Getsingle_request" time="1.767" errors="0" timestamp="2024-11-08T10:34:44 IST" skipped="0">
  <testcase classname="non_BDD.Getsingle_request" name="single" time="1.767"/>
  <system-out/>
</testsuite> <!-- non_BDD.Getsingle_request -->
