<?xml version="1.0" encoding="UTF-8"?>
<!-- Generated by org.testng.reporters.JUnitReportReporter -->
<testsuite hostname="DESKTOP-8UOV5P4" failures="0" tests="1" name="BDD.Body_from_externalfile" time="2.399" errors="0" timestamp="2024-11-08T13:40:27 IST" skipped="0">
  <testcase classname="BDD.Body_from_externalfile" name="post" time="2.399"/>
  <system-out/>
</testsuite> <!-- BDD.Body_from_externalfile -->
