<?xml version="1.0" encoding="UTF-8"?>
<!-- Generated by org.testng.reporters.JUnitReportReporter -->
<testsuite hostname="DESKTOP-8UOV5P4" failures="0" tests="1" name="Extra_concepts.Jsonschemavalidation_withoutclasspath" time="2.497" errors="0" timestamp="2024-11-11T15:53:51 IST" skipped="0">
  <testcase classname="Extra_concepts.Jsonschemavalidation_withoutclasspath" name="validation" time="2.497"/>
  <system-out/>
</testsuite> <!-- Extra_concepts.Jsonschemavalidation_withoutclasspath -->
